17:14:05 INFO  : Registering command handlers for SDK TCF services
17:14:06 INFO  : Launching XSCT server: xsct -n -interactive /home/letrend/workspace/snickerdoodle/snickerdoodle.sdk/temp_xsdb_launch_script.tcl
17:14:08 INFO  : XSCT server has started successfully.
17:14:08 INFO  : Successfully done setting XSCT server connection channel  
17:14:08 INFO  : Successfully done setting SDK workspace  
17:14:08 INFO  : Processing command line option -hwspec /home/letrend/workspace/snickerdoodle/snickerdoodle.sdk/roboy_plexus_wrapper.hdf.
19:29:36 INFO  : 'targets -set -filter {jtag_cable_name =~ "Digilent JTAG-HS2 210249A2ECE0" && level==0} -index 1' command is executed.
19:29:36 INFO  : 'fpga -state' command is executed.
19:29:36 INFO  : Connected to target on host '127.0.0.1' and port '3121'.
19:29:37 INFO  : Jtag cable 'Digilent JTAG-HS2 210249A2ECE0' is selected.
19:29:37 INFO  : 'jtag frequency' command is executed.
19:29:37 INFO  : Sourcing of '/home/letrend/workspace/snickerdoodle/snickerdoodle.sdk/roboy_plexus_wrapper_hw_platform_0/ps7_init.tcl' is done.
19:29:37 INFO  : Context for 'APU' is selected.
19:29:37 INFO  : Hardware design information is loaded from '/home/letrend/workspace/snickerdoodle/snickerdoodle.sdk/roboy_plexus_wrapper_hw_platform_0/system.hdf'.
19:29:37 INFO  : 'configparams force-mem-access 1' command is executed.
19:29:37 INFO  : Context for 'APU' is selected.
19:29:37 INFO  : 'stop' command is executed.
19:29:37 INFO  : 'ps7_init' command is executed.
19:29:37 INFO  : 'ps7_post_config' command is executed.
19:29:37 INFO  : Context for processor 'ps7_cortexa9_0' is selected.
19:29:37 INFO  : Processor reset is completed for 'ps7_cortexa9_0'.
19:29:37 INFO  : Context for processor 'ps7_cortexa9_0' is selected.
19:29:37 INFO  : The application '/home/letrend/workspace/snickerdoodle/snickerdoodle.sdk/test/Debug/test.elf' is downloaded to processor 'ps7_cortexa9_0'.
19:29:37 INFO  : 'configparams force-mem-access 0' command is executed.
19:29:37 INFO  : ----------------XSDB Script----------------
connect -url tcp:127.0.0.1:3121
source /home/letrend/workspace/snickerdoodle/snickerdoodle.sdk/roboy_plexus_wrapper_hw_platform_0/ps7_init.tcl
targets -set -nocase -filter {name =~"APU*" && jtag_cable_name =~ "Digilent JTAG-HS2 210249A2ECE0"} -index 0
loadhw -hw /home/letrend/workspace/snickerdoodle/snickerdoodle.sdk/roboy_plexus_wrapper_hw_platform_0/system.hdf -mem-ranges [list {0x40000000 0xbfffffff}]
configparams force-mem-access 1
targets -set -nocase -filter {name =~"APU*" && jtag_cable_name =~ "Digilent JTAG-HS2 210249A2ECE0"} -index 0
stop
ps7_init
ps7_post_config
targets -set -nocase -filter {name =~ "ARM*#0" && jtag_cable_name =~ "Digilent JTAG-HS2 210249A2ECE0"} -index 0
rst -processor
targets -set -nocase -filter {name =~ "ARM*#0" && jtag_cable_name =~ "Digilent JTAG-HS2 210249A2ECE0"} -index 0
dow /home/letrend/workspace/snickerdoodle/snickerdoodle.sdk/test/Debug/test.elf
configparams force-mem-access 0
----------------End of Script----------------

19:29:37 INFO  : Memory regions updated for context APU
19:29:37 INFO  : Context for processor 'ps7_cortexa9_0' is selected.
19:29:37 INFO  : 'con' command is executed.
19:29:37 INFO  : ----------------XSDB Script (After Launch)----------------
targets -set -nocase -filter {name =~ "ARM*#0" && jtag_cable_name =~ "Digilent JTAG-HS2 210249A2ECE0"} -index 0
con
----------------End of Script----------------

19:29:37 INFO  : Launch script is exported to file '/home/letrend/workspace/snickerdoodle/snickerdoodle.sdk/.sdk/launch_scripts/xilinx_c-c++_application_(system_debugger)/system_debugger_using_debug_test.elf_on_local.tcl'
19:30:11 INFO  : Disconnected from the channel tcfchan#1.
19:30:13 INFO  : 'targets -set -filter {jtag_cable_name =~ "Digilent JTAG-HS2 210249A2ECE0" && level==0} -index 1' command is executed.
19:30:13 INFO  : 'fpga -state' command is executed.
19:30:13 INFO  : Connected to target on host '127.0.0.1' and port '3121'.
19:30:13 INFO  : Jtag cable 'Digilent JTAG-HS2 210249A2ECE0' is selected.
19:30:13 INFO  : 'jtag frequency' command is executed.
19:30:13 INFO  : Sourcing of '/home/letrend/workspace/snickerdoodle/snickerdoodle.sdk/roboy_plexus_wrapper_hw_platform_0/ps7_init.tcl' is done.
19:30:13 INFO  : Context for 'APU' is selected.
19:30:14 INFO  : Hardware design information is loaded from '/home/letrend/workspace/snickerdoodle/snickerdoodle.sdk/roboy_plexus_wrapper_hw_platform_0/system.hdf'.
19:30:14 INFO  : 'configparams force-mem-access 1' command is executed.
19:30:15 INFO  : Context for 'APU' is selected.
19:30:15 INFO  : 'stop' command is executed.
19:30:15 INFO  : 'ps7_init' command is executed.
19:30:15 INFO  : 'ps7_post_config' command is executed.
19:30:15 INFO  : Context for processor 'ps7_cortexa9_0' is selected.
19:30:15 INFO  : Processor reset is completed for 'ps7_cortexa9_0'.
19:30:15 INFO  : Context for processor 'ps7_cortexa9_0' is selected.
19:30:15 INFO  : The application '/home/letrend/workspace/snickerdoodle/snickerdoodle.sdk/test/Debug/test.elf' is downloaded to processor 'ps7_cortexa9_0'.
19:30:15 INFO  : 'configparams force-mem-access 0' command is executed.
19:30:15 INFO  : ----------------XSDB Script----------------
connect -url tcp:127.0.0.1:3121
source /home/letrend/workspace/snickerdoodle/snickerdoodle.sdk/roboy_plexus_wrapper_hw_platform_0/ps7_init.tcl
targets -set -nocase -filter {name =~"APU*" && jtag_cable_name =~ "Digilent JTAG-HS2 210249A2ECE0"} -index 0
loadhw -hw /home/letrend/workspace/snickerdoodle/snickerdoodle.sdk/roboy_plexus_wrapper_hw_platform_0/system.hdf -mem-ranges [list {0x40000000 0xbfffffff}]
configparams force-mem-access 1
targets -set -nocase -filter {name =~"APU*" && jtag_cable_name =~ "Digilent JTAG-HS2 210249A2ECE0"} -index 0
stop
ps7_init
ps7_post_config
targets -set -nocase -filter {name =~ "ARM*#0" && jtag_cable_name =~ "Digilent JTAG-HS2 210249A2ECE0"} -index 0
rst -processor
targets -set -nocase -filter {name =~ "ARM*#0" && jtag_cable_name =~ "Digilent JTAG-HS2 210249A2ECE0"} -index 0
dow /home/letrend/workspace/snickerdoodle/snickerdoodle.sdk/test/Debug/test.elf
configparams force-mem-access 0
----------------End of Script----------------

19:30:15 INFO  : Memory regions updated for context APU
19:30:15 INFO  : Context for processor 'ps7_cortexa9_0' is selected.
19:30:15 INFO  : 'con' command is executed.
19:30:15 INFO  : ----------------XSDB Script (After Launch)----------------
targets -set -nocase -filter {name =~ "ARM*#0" && jtag_cable_name =~ "Digilent JTAG-HS2 210249A2ECE0"} -index 0
con
----------------End of Script----------------

19:30:15 INFO  : Launch script is exported to file '/home/letrend/workspace/snickerdoodle/snickerdoodle.sdk/.sdk/launch_scripts/xilinx_c-c++_application_(system_debugger)/system_debugger_using_debug_test.elf_on_local.tcl'
