Copyright 1986-2019 Xilinx, Inc. All Rights Reserved.
------------------------------------------------------------------------------------
| Tool Version : Vivado v.2019.1 (lin64) Build 2552052 Fri May 24 14:47:09 MDT 2019
| Date         : Sun Jul 28 17:35:46 2019
| Host         : base running 64-bit Ubuntu 18.04.2 LTS
| Command      : upgrade_ip
| Device       : xc7z020clg400-3
------------------------------------------------------------------------------------

Upgrade Log for IP 'roboy_plexus_tri_state_buffer_0_1'

1. Summary
----------

CAUTION (success, with warnings) in the conversion of roboy_plexus_tri_state_buffer_0_1 (user.org:user:tri_state_buffer:1.0 (Rev. 2)) to Vivado generation flows.

After upgrade, an IP may have parameter and port differences compared to the original customization. Please review the parameters within the IP customization GUI to ensure proper functionality. Also, please review the updated IP instantiation template to ensure proper connectivity, and update your design if required.

2. Connection Warnings
----------------------

Detected external port differences while upgrading 'roboy_plexus_tri_state_buffer_0_1'. These changes may impact your design.


-Upgrade has removed port 'in'

-Upgrade has removed port 'io'

-Upgrade has removed port 'out'

-Upgrade has added port 'mdi'

-Upgrade has added port 'mdio'

-Upgrade has added port 'mdo'


