Copyright 1986-2019 Xilinx, Inc. All Rights Reserved.
-------------------------------------------------------------------------------------------------
| Tool Version : Vivado v.2019.1 (lin64) Build 2552052 Fri May 24 14:47:09 MDT 2019
| Date         : Wed Jul 31 16:46:56 2019
| Host         : base running 64-bit Ubuntu 18.04.2 LTS
| Command      : report_control_sets -verbose -file roboy_plexus_wrapper_control_sets_placed.rpt
| Design       : roboy_plexus_wrapper
| Device       : xc7z020
-------------------------------------------------------------------------------------------------

Control Set Information

Table of Contents
-----------------
1. Summary
2. Histogram
3. Flip-Flop Distribution
4. Detailed Control Set Information

1. Summary
----------

+----------------------------------------------------------+-------+
|                          Status                          | Count |
+----------------------------------------------------------+-------+
| Total control sets                                       |   185 |
|    Minimum number of control sets                        |   185 |
|    Addition due to synthesis replication                 |     0 |
|    Addition due to physical synthesis replication        |     0 |
| Unused register locations in slices containing registers |   173 |
+----------------------------------------------------------+-------+
* Control sets can be merged at opt_design using control_set_merge or merge_equivalent_drivers
** Run report_qor_suggestions for automated merging and remapping suggestions


2. Histogram
------------

+--------------------+-------+
|       Fanout       | Count |
+--------------------+-------+
| Total control sets |   185 |
| >= 0 to < 4        |     3 |
| >= 4 to < 6        |     9 |
| >= 6 to < 8        |     3 |
| >= 8 to < 10       |     5 |
| >= 10 to < 12      |     2 |
| >= 12 to < 14      |     5 |
| >= 14 to < 16      |    19 |
| >= 16              |   139 |
+--------------------+-------+
* Control sets can be remapped at either synth_design or opt_design


3. Flip-Flop Distribution
-------------------------

+--------------+-----------------------+------------------------+-----------------+--------------+
| Clock Enable | Synchronous Set/Reset | Asynchronous Set/Reset | Total Registers | Total Slices |
+--------------+-----------------------+------------------------+-----------------+--------------+
| No           | No                    | No                     |             191 |           67 |
| No           | No                    | Yes                    |               1 |            1 |
| No           | Yes                   | No                     |              37 |           25 |
| Yes          | No                    | No                     |            3774 |         1798 |
| Yes          | No                    | Yes                    |             881 |          496 |
| Yes          | Yes                   | No                     |             279 |          131 |
+--------------+-----------------------+------------------------+-----------------+--------------+


4. Detailed Control Set Information
-----------------------------------

+-----------------------------------------------------+--------------------------------------------------------------------------------------------------------------------------------------------------------------------+-----------------------------------------------------------------------------------------------------------------------------------------------------------+------------------+----------------+
|                     Clock Signal                    |                                                                            Enable Signal                                                                           |                                                                      Set/Reset Signal                                                                     | Slice Load Count | Bel Load Count |
+-----------------------------------------------------+--------------------------------------------------------------------------------------------------------------------------------------------------------------------+-----------------------------------------------------------------------------------------------------------------------------------------------------------+------------------+----------------+
|  roboy_plexus_i/processing_system7_0/inst/FCLK_CLK0 | roboy_plexus_i/myoControl_0/inst/myoControl_v1_0_myoControl_inst/spi_control/myocontrol_aresetn_0                                                                  |                                                                                                                                                           |                1 |              2 |
|  roboy_plexus_i/processing_system7_0/inst/FCLK_CLK0 | roboy_plexus_i/ps7_0_axi_periph/s00_couplers/auto_pc/inst/gen_axilite.gen_b2s_conv.axilite_b2s/WR.b_channel_0/bid_fifo_0/bresp_push                                |                                                                                                                                                           |                1 |              2 |
|  roboy_plexus_i/processing_system7_0/inst/FCLK_CLK0 | roboy_plexus_i/myoControl_0/inst/myoControl_v1_0_myoControl_inst/spi_control/myocontrol_aresetn_0                                                                  | roboy_plexus_i/myoControl_0/inst/myoControl_v1_0_myoControl_inst/spi_control/motor_reg[2]_5                                                               |                1 |              3 |
|  roboy_plexus_i/processing_system7_0/inst/FCLK_CLK0 |                                                                                                                                                                    | roboy_plexus_i/rst_ps7_0_49M/U0/EXT_LPF/lpf_int                                                                                                           |                3 |              4 |
|  roboy_plexus_i/processing_system7_0/inst/FCLK_CLK0 |                                                                                                                                                                    | roboy_plexus_i/ps7_0_axi_periph/s00_couplers/auto_pc/inst/gen_axilite.gen_b2s_conv.axilite_b2s/SI_REG/ar.ar_pipe/aresetn_d_reg[1]_inv_0                   |                4 |              4 |
|  roboy_plexus_i/processing_system7_0/inst/FCLK_CLK0 |                                                                                                                                                                    | roboy_plexus_i/ps7_0_axi_periph/s00_couplers/auto_pc/inst/gen_axilite.gen_b2s_conv.axilite_b2s/SI_REG/aw.aw_pipe/aresetn_d_reg[0]_0                       |                4 |              4 |
|  roboy_plexus_i/processing_system7_0/inst/FCLK_CLK0 | roboy_plexus_i/myoControl_0/inst/myoControl_v1_0_myoControl_inst/spi/core_ce_reg_n_0                                                                               |                                                                                                                                                           |                1 |              5 |
|  roboy_plexus_i/processing_system7_0/inst/FCLK_CLK0 | roboy_plexus_i/myoControl_0/inst/myoControl_v1_0_myoControl_inst/spi/do_valid_o_reg_reg_0                                                                          | roboy_plexus_i/myoControl_0/inst/myoControl_v1_0_myoControl_inst/spi/spi_activated_reg                                                                    |                2 |              5 |
|  roboy_plexus_i/processing_system7_0/inst/FCLK_CLK0 | roboy_plexus_i/ps7_0_axi_periph/s00_couplers/auto_pc/inst/gen_axilite.gen_b2s_conv.axilite_b2s/RD.ar_channel_0/ar_cmd_fsm_0/m_axi_arready_0                        | roboy_plexus_i/ps7_0_axi_periph/s00_couplers/auto_pc/inst/gen_axilite.gen_b2s_conv.axilite_b2s/RD.ar_channel_0/ar_cmd_fsm_0/FSM_sequential_state_reg[1]_0 |                2 |              5 |
|  roboy_plexus_i/processing_system7_0/inst/FCLK_CLK0 | roboy_plexus_i/ps7_0_axi_periph/s00_couplers/auto_pc/inst/gen_axilite.gen_b2s_conv.axilite_b2s/RD.r_channel_0/transaction_fifo_0/cnt_read[4]_i_1__0_n_0            | roboy_plexus_i/ps7_0_axi_periph/s00_couplers/auto_pc/inst/gen_axilite.gen_b2s_conv.axilite_b2s/areset_d1                                                  |                2 |              5 |
|  roboy_plexus_i/processing_system7_0/inst/FCLK_CLK0 | roboy_plexus_i/ps7_0_axi_periph/s00_couplers/auto_pc/inst/gen_axilite.gen_b2s_conv.axilite_b2s/WR.aw_channel_0/aw_cmd_fsm_0/m_valid_i_reg_0                        | roboy_plexus_i/ps7_0_axi_periph/s00_couplers/auto_pc/inst/gen_axilite.gen_b2s_conv.axilite_b2s/WR.aw_channel_0/aw_cmd_fsm_0/m_valid_i_reg                 |                2 |              5 |
|  roboy_plexus_i/processing_system7_0/inst/FCLK_CLK0 | roboy_plexus_i/ps7_0_axi_periph/s00_couplers/auto_pc/inst/gen_axilite.gen_b2s_conv.axilite_b2s/RD.r_channel_0/transaction_fifo_0/E[0]                              | roboy_plexus_i/ps7_0_axi_periph/s00_couplers/auto_pc/inst/gen_axilite.gen_b2s_conv.axilite_b2s/areset_d1                                                  |                2 |              5 |
|  roboy_plexus_i/processing_system7_0/inst/FCLK_CLK0 | roboy_plexus_i/myoControl_0/inst/myoControl_v1_0_myoControl_inst/spi_control/delay_counter[5]_i_1_n_0                                                              |                                                                                                                                                           |                2 |              6 |
|  roboy_plexus_i/processing_system7_0/inst/FCLK_CLK0 | roboy_plexus_i/rst_ps7_0_49M/U0/SEQ/seq_cnt_en                                                                                                                     | roboy_plexus_i/rst_ps7_0_49M/U0/SEQ/SEQ_COUNTER/clear                                                                                                     |                1 |              6 |
|  roboy_plexus_i/processing_system7_0/inst/FCLK_CLK0 |                                                                                                                                                                    | roboy_plexus_i/myoControl_0/inst/myoControl_v1_0_myoControl_inst/p_0_in                                                                                   |                6 |              7 |
|  roboy_plexus_i/processing_system7_0/inst/FCLK_CLK0 | roboy_plexus_i/myoControl_0/inst/myoControl_v1_0_myoControl_inst/spi_control/spi_done_prev_reg[0]                                                                  | roboy_plexus_i/myoControl_0/inst/myoControl_v1_0_myoControl_inst/p_0_in                                                                                   |                3 |              8 |
|  roboy_plexus_i/processing_system7_0/inst/FCLK_CLK0 | roboy_plexus_i/myoControl_0/inst/myoControl_v1_0_myoControl_inst/spi/write_ack_prev_reg                                                                            |                                                                                                                                                           |                3 |              8 |
|  roboy_plexus_i/processing_system7_0/inst/FCLK_CLK0 | roboy_plexus_i/myoControl_0/inst/myoControl_v1_0_myoControl_inst/myo_brick                                                                                         | roboy_plexus_i/myoControl_0/inst/myoControl_v1_0_myoControl_inst/p_0_in                                                                                   |                5 |              8 |
|  roboy_plexus_i/processing_system7_0/inst/FCLK_CLK0 | roboy_plexus_i/ps7_0_axi_periph/s00_couplers/auto_pc/inst/gen_axilite.gen_b2s_conv.axilite_b2s/WR.b_channel_0/mhandshake_r                                         | roboy_plexus_i/ps7_0_axi_periph/s00_couplers/auto_pc/inst/gen_axilite.gen_b2s_conv.axilite_b2s/WR.b_channel_0/bid_fifo_0/SR[0]                            |                3 |              8 |
|  roboy_plexus_i/processing_system7_0/inst/FCLK_CLK0 |                                                                                                                                                                    | roboy_plexus_i/ps7_0_axi_periph/xbar/inst/gen_sasd.crossbar_sasd_0/addr_arbiter_inst/SR[0]                                                                |                5 |              9 |
|  roboy_plexus_i/processing_system7_0/inst/FCLK_CLK0 |                                                                                                                                                                    | roboy_plexus_i/ps7_0_axi_periph/s00_couplers/auto_pc/inst/gen_axilite.gen_b2s_conv.axilite_b2s/areset_d1                                                  |                4 |             10 |
|  roboy_plexus_i/processing_system7_0/inst/FCLK_CLK0 | roboy_plexus_i/myoControl_0/inst/myoControl_v1_0_myoControl_inst/axi_awready0                                                                                      | roboy_plexus_i/myoControl_0/inst/myoControl_v1_0_myoControl_inst/p_0_in                                                                                   |                5 |             11 |
|  roboy_plexus_i/processing_system7_0/inst/FCLK_CLK0 | roboy_plexus_i/ps7_0_axi_periph/s00_couplers/auto_pc/inst/gen_axilite.gen_b2s_conv.axilite_b2s/WR.aw_channel_0/cmd_translator_0/incr_cmd_0/axaddr_incr[11]_i_1_n_0 |                                                                                                                                                           |                3 |             12 |
|  roboy_plexus_i/processing_system7_0/inst/FCLK_CLK0 | roboy_plexus_i/ps7_0_axi_periph/s00_couplers/auto_pc/inst/gen_axilite.gen_b2s_conv.axilite_b2s/RD.ar_channel_0/ar_cmd_fsm_0/sel_first_reg[0]                       |                                                                                                                                                           |                2 |             12 |
|  roboy_plexus_i/processing_system7_0/inst/FCLK_CLK0 | roboy_plexus_i/ps7_0_axi_periph/s00_couplers/auto_pc/inst/gen_axilite.gen_b2s_conv.axilite_b2s/RD.ar_channel_0/ar_cmd_fsm_0/E[0]                                   |                                                                                                                                                           |                3 |             12 |
|  roboy_plexus_i/processing_system7_0/inst/FCLK_CLK0 | roboy_plexus_i/ps7_0_axi_periph/s00_couplers/auto_pc/inst/gen_axilite.gen_b2s_conv.axilite_b2s/WR.aw_channel_0/aw_cmd_fsm_0/E[0]                                   |                                                                                                                                                           |                6 |             12 |
|  roboy_plexus_i/processing_system7_0/inst/FCLK_CLK0 | roboy_plexus_i/ps7_0_axi_periph/s00_couplers/auto_pc/inst/gen_axilite.gen_b2s_conv.axilite_b2s/RD.r_channel_0/r_push_r                                             |                                                                                                                                                           |                4 |             13 |
|  roboy_plexus_i/processing_system7_0/inst/FCLK_CLK0 | roboy_plexus_i/ps7_0_axi_periph/s00_couplers/auto_pc/inst/gen_axilite.gen_b2s_conv.axilite_b2s/SI_REG/b.b_pipe/p_1_in                                              |                                                                                                                                                           |                3 |             14 |
|  roboy_plexus_i/processing_system7_0/inst/FCLK_CLK0 | roboy_plexus_i/ps7_0_axi_periph/s00_couplers/auto_pc/inst/gen_axilite.gen_b2s_conv.axilite_b2s/SI_REG/b.b_pipe/s_ready_i_reg_0                                     |                                                                                                                                                           |                4 |             14 |
|  roboy_plexus_i/processing_system7_0/inst/FCLK_CLK0 | roboy_plexus_i/myoControl_0/inst/myoControl_v1_0_myoControl_inst/spi_control/motor_reg[1]_1                                                                        | roboy_plexus_i/myoControl_0/inst/myoControl_v1_0_myoControl_inst/spi_control/motor_reg[2]_4                                                               |                5 |             15 |
|  roboy_plexus_i/processing_system7_0/inst/FCLK_CLK0 | roboy_plexus_i/myoControl_0/inst/myoControl_v1_0_myoControl_inst/spi/do_buffer_reg                                                                                 |                                                                                                                                                           |                5 |             15 |
|  roboy_plexus_i/processing_system7_0/inst/FCLK_CLK0 | roboy_plexus_i/myoControl_0/inst/myoControl_v1_0_myoControl_inst/spi_control/displacement[0]_i_1_n_0                                                               |                                                                                                                                                           |                6 |             15 |
|  roboy_plexus_i/processing_system7_0/inst/FCLK_CLK0 | roboy_plexus_i/myoControl_0/inst/myoControl_v1_0_myoControl_inst/spi/sh_reg                                                                                        |                                                                                                                                                           |                4 |             15 |
|  roboy_plexus_i/processing_system7_0/inst/FCLK_CLK0 | roboy_plexus_i/myoControl_0/inst/myoControl_v1_0_myoControl_inst/spi_control/motor_reg[3]                                                                          | roboy_plexus_i/myoControl_0/inst/myoControl_v1_0_myoControl_inst/spi_control/motor_reg[2]                                                                 |                4 |             15 |
|  roboy_plexus_i/processing_system7_0/inst/FCLK_CLK0 | roboy_plexus_i/myoControl_0/inst/myoControl_v1_0_myoControl_inst/spi_control/motor_reg[0]                                                                          | roboy_plexus_i/myoControl_0/inst/myoControl_v1_0_myoControl_inst/spi_control/motor_reg[2]_3                                                               |                5 |             15 |
|  roboy_plexus_i/processing_system7_0/inst/FCLK_CLK0 | roboy_plexus_i/myoControl_0/inst/myoControl_v1_0_myoControl_inst/spi_control/motor_reg[3]_0                                                                        | roboy_plexus_i/myoControl_0/inst/myoControl_v1_0_myoControl_inst/spi_control/motor_reg[2]_0                                                               |                9 |             15 |
|  roboy_plexus_i/processing_system7_0/inst/FCLK_CLK0 | roboy_plexus_i/myoControl_0/inst/myoControl_v1_0_myoControl_inst/spi_control/motor_reg[1]                                                                          | roboy_plexus_i/myoControl_0/inst/myoControl_v1_0_myoControl_inst/spi_control/motor_reg[2]_1                                                               |                7 |             15 |
|  roboy_plexus_i/processing_system7_0/inst/FCLK_CLK0 | roboy_plexus_i/myoControl_0/inst/myoControl_v1_0_myoControl_inst/spi_control/motor_reg[1]_0                                                                        | roboy_plexus_i/myoControl_0/inst/myoControl_v1_0_myoControl_inst/spi_control/motor_reg[2]_2                                                               |                6 |             15 |
|  roboy_plexus_i/processing_system7_0/inst/FCLK_CLK0 | roboy_plexus_i/myoControl_0/inst/myoControl_v1_0_myoControl_inst/spi_control/current[0]_i_1_n_0                                                                    |                                                                                                                                                           |                7 |             15 |
|  roboy_plexus_i/processing_system7_0/inst/FCLK_CLK0 | roboy_plexus_i/myoControl_0/inst/myoControl_v1_0_myoControl_inst/spi_control/spi_done_reg_3                                                                        | roboy_plexus_i/myoControl_0/inst/myoControl_v1_0_myoControl_inst/spi_control/spi_done_reg_1                                                               |                8 |             15 |
|  roboy_plexus_i/processing_system7_0/inst/FCLK_CLK0 | roboy_plexus_i/myoControl_0/inst/myoControl_v1_0_myoControl_inst/spi_control/position[0]_i_1_n_0                                                                   |                                                                                                                                                           |                5 |             15 |
|  roboy_plexus_i/processing_system7_0/inst/FCLK_CLK0 | roboy_plexus_i/myoControl_0/inst/myoControl_v1_0_myoControl_inst/spi_control/spi_done_reg_4                                                                        | roboy_plexus_i/myoControl_0/inst/myoControl_v1_0_myoControl_inst/spi_control/spi_done_reg_2                                                               |                6 |             15 |
|  roboy_plexus_i/processing_system7_0/inst/FCLK_CLK0 | roboy_plexus_i/myoControl_0/inst/myoControl_v1_0_myoControl_inst/spi_control/wren                                                                                  |                                                                                                                                                           |                7 |             15 |
|  roboy_plexus_i/processing_system7_0/inst/FCLK_CLK0 | roboy_plexus_i/myoControl_0/inst/myoControl_v1_0_myoControl_inst/spi_control/start_frame1                                                                          | roboy_plexus_i/myoControl_0/inst/myoControl_v1_0_myoControl_inst/spi_control/Word[1]_i_1_n_0                                                              |               13 |             15 |
|  roboy_plexus_i/processing_system7_0/inst/FCLK_CLK0 | roboy_plexus_i/myoControl_0/inst/myoControl_v1_0_myoControl_inst/spi_control/velocity[0]_i_1_n_0                                                                   |                                                                                                                                                           |                6 |             15 |
|  roboy_plexus_i/processing_system7_0/inst/FCLK_CLK0 | roboy_plexus_i/myoControl_0/inst/myoControl_v1_0_myoControl_inst/spi_control/position[16]_i_1_n_0                                                                  |                                                                                                                                                           |                8 |             15 |
|  roboy_plexus_i/processing_system7_0/inst/FCLK_CLK0 | roboy_plexus_i/myoControl_0/inst/myoControl_v1_0_myoControl_inst/instantiate_pid_controllers[0].pid_controller/pwmRef[15]_i_1_n_0                                  |                                                                                                                                                           |                6 |             16 |
|  roboy_plexus_i/processing_system7_0/inst/FCLK_CLK0 | roboy_plexus_i/myoControl_0/inst/myoControl_v1_0_myoControl_inst/instantiate_pid_controllers[2].pid_controller/pwmRef[15]_i_1__1_n_0                               |                                                                                                                                                           |                7 |             16 |
|  roboy_plexus_i/processing_system7_0/inst/FCLK_CLK0 | roboy_plexus_i/myoControl_0/inst/myoControl_v1_0_myoControl_inst/instantiate_pid_controllers[1].pid_controller/pwmRef[15]_i_1__0_n_0                               |                                                                                                                                                           |                5 |             16 |
|  roboy_plexus_i/processing_system7_0/inst/FCLK_CLK0 | roboy_plexus_i/myoControl_0/inst/myoControl_v1_0_myoControl_inst/instantiate_pid_controllers[3].pid_controller/pwmRef[15]_i_1__2_n_0                               |                                                                                                                                                           |                7 |             16 |
|  roboy_plexus_i/processing_system7_0/inst/FCLK_CLK0 | roboy_plexus_i/myoControl_0/inst/myoControl_v1_0_myoControl_inst/instantiate_pid_controllers[4].pid_controller/pwmRef[15]_i_1__3_n_0                               |                                                                                                                                                           |                5 |             16 |
|  roboy_plexus_i/processing_system7_0/inst/FCLK_CLK0 | roboy_plexus_i/myoControl_0/inst/myoControl_v1_0_myoControl_inst/instantiate_pid_controllers[5].pid_controller/pwmRef[15]_i_1__4_n_0                               |                                                                                                                                                           |                7 |             16 |
|  roboy_plexus_i/processing_system7_0/inst/FCLK_CLK0 | roboy_plexus_i/myoControl_0/inst/myoControl_v1_0_myoControl_inst/instantiate_pid_controllers[7].pid_controller/pwmRef[15]_i_1__6_n_0                               |                                                                                                                                                           |                5 |             16 |
|  roboy_plexus_i/processing_system7_0/inst/FCLK_CLK0 | roboy_plexus_i/myoControl_0/inst/myoControl_v1_0_myoControl_inst/instantiate_pid_controllers[6].pid_controller/pwmRef[15]_i_1__5_n_0                               |                                                                                                                                                           |                5 |             16 |
|  roboy_plexus_i/processing_system7_0/inst/FCLK_CLK0 | roboy_plexus_i/ps7_0_axi_periph/s00_couplers/auto_pc/inst/gen_axilite.gen_b2s_conv.axilite_b2s/WR.aw_channel_0/aw_cmd_fsm_0/b_push                                 |                                                                                                                                                           |                3 |             16 |
|  roboy_plexus_i/processing_system7_0/inst/FCLK_CLK0 | roboy_plexus_i/ps7_0_axi_periph/s00_couplers/auto_pc/inst/gen_axilite.gen_b2s_conv.axilite_b2s/WR.aw_channel_0/aw_cmd_fsm_0/m_valid_i_reg_0                        |                                                                                                                                                           |                7 |             21 |
|  roboy_plexus_i/processing_system7_0/inst/FCLK_CLK0 | roboy_plexus_i/ps7_0_axi_periph/s00_couplers/auto_pc/inst/gen_axilite.gen_b2s_conv.axilite_b2s/RD.ar_channel_0/ar_cmd_fsm_0/m_axi_arready_0                        |                                                                                                                                                           |                7 |             21 |
|  roboy_plexus_i/processing_system7_0/inst/FCLK_CLK0 | roboy_plexus_i/ps7_0_axi_periph/xbar/inst/gen_sasd.crossbar_sasd_0/addr_arbiter_inst/p_0_in1_in                                                                    | roboy_plexus_i/ps7_0_axi_periph/xbar/inst/gen_sasd.crossbar_sasd_0/addr_arbiter_inst/SR[0]                                                                |                8 |             25 |
|  roboy_plexus_i/processing_system7_0/inst/FCLK_CLK0 | roboy_plexus_i/myoControl_0/inst/myoControl_v1_0_myoControl_inst/spi_control/E[0]                                                                                  |                                                                                                                                                           |               26 |             26 |
|  roboy_plexus_i/processing_system7_0/inst/FCLK_CLK0 | roboy_plexus_i/myoControl_0/inst/myoControl_v1_0_myoControl_inst/sp[6][31]_i_1_n_0                                                                                 |                                                                                                                                                           |               16 |             32 |
|  roboy_plexus_i/processing_system7_0/inst/FCLK_CLK0 | roboy_plexus_i/myoControl_0/inst/myoControl_v1_0_myoControl_inst/myo_brick_gear_box_ratio[7][31]_i_1_n_0                                                           | roboy_plexus_i/myoControl_0/inst/myoControl_v1_0_myoControl_inst/p_0_in                                                                                   |               22 |             32 |
|  roboy_plexus_i/processing_system7_0/inst/FCLK_CLK0 | roboy_plexus_i/myoControl_0/inst/myoControl_v1_0_myoControl_inst/sp[0][31]_i_1_n_0                                                                                 |                                                                                                                                                           |               16 |             32 |
|  roboy_plexus_i/processing_system7_0/inst/FCLK_CLK0 | roboy_plexus_i/myoControl_0/inst/myoControl_v1_0_myoControl_inst/sp[5][31]_i_1_n_0                                                                                 |                                                                                                                                                           |               14 |             32 |
|  roboy_plexus_i/processing_system7_0/inst/FCLK_CLK0 | roboy_plexus_i/myoControl_0/inst/myoControl_v1_0_myoControl_inst/sp[4][31]_i_1_n_0                                                                                 |                                                                                                                                                           |               20 |             32 |
|  roboy_plexus_i/processing_system7_0/inst/FCLK_CLK0 | roboy_plexus_i/myoControl_0/inst/myoControl_v1_0_myoControl_inst/sp[3][31]_i_1_n_0                                                                                 |                                                                                                                                                           |               15 |             32 |
|  roboy_plexus_i/processing_system7_0/inst/FCLK_CLK0 | roboy_plexus_i/myoControl_0/inst/myoControl_v1_0_myoControl_inst/sp[2][31]_i_1_n_0                                                                                 |                                                                                                                                                           |               10 |             32 |
|  roboy_plexus_i/processing_system7_0/inst/FCLK_CLK0 | roboy_plexus_i/myoControl_0/inst/myoControl_v1_0_myoControl_inst/sp[7][31]_i_1_n_0                                                                                 |                                                                                                                                                           |               17 |             32 |
|  roboy_plexus_i/processing_system7_0/inst/FCLK_CLK0 | roboy_plexus_i/myoControl_0/inst/myoControl_v1_0_myoControl_inst/slv_reg_rden                                                                                      | roboy_plexus_i/myoControl_0/inst/myoControl_v1_0_myoControl_inst/p_0_in                                                                                   |               25 |             32 |
|  roboy_plexus_i/processing_system7_0/inst/FCLK_CLK0 | roboy_plexus_i/myoControl_0/inst/myoControl_v1_0_myoControl_inst/sp[1][31]_i_1_n_0                                                                                 |                                                                                                                                                           |               15 |             32 |
|  roboy_plexus_i/processing_system7_0/inst/FCLK_CLK0 | roboy_plexus_i/myoControl_0/inst/myoControl_v1_0_myoControl_inst/myo_brick_encoder_multiplier[0][31]_i_1_n_0                                                       | roboy_plexus_i/myoControl_0/inst/myoControl_v1_0_myoControl_inst/p_0_in                                                                                   |               25 |             32 |
|  roboy_plexus_i/processing_system7_0/inst/FCLK_CLK0 | roboy_plexus_i/myoControl_0/inst/myoControl_v1_0_myoControl_inst/myo_brick_encoder_multiplier[1][31]_i_1_n_0                                                       | roboy_plexus_i/myoControl_0/inst/myoControl_v1_0_myoControl_inst/p_0_in                                                                                   |               23 |             32 |
|  roboy_plexus_i/processing_system7_0/inst/FCLK_CLK0 | roboy_plexus_i/myoControl_0/inst/myoControl_v1_0_myoControl_inst/myo_brick_encoder_multiplier[2][31]_i_1_n_0                                                       | roboy_plexus_i/myoControl_0/inst/myoControl_v1_0_myoControl_inst/p_0_in                                                                                   |               25 |             32 |
|  roboy_plexus_i/processing_system7_0/inst/FCLK_CLK0 | roboy_plexus_i/myoControl_0/inst/myoControl_v1_0_myoControl_inst/myo_brick_encoder_multiplier[3][31]_i_1_n_0                                                       | roboy_plexus_i/myoControl_0/inst/myoControl_v1_0_myoControl_inst/p_0_in                                                                                   |               25 |             32 |
|  roboy_plexus_i/processing_system7_0/inst/FCLK_CLK0 | roboy_plexus_i/myoControl_0/inst/myoControl_v1_0_myoControl_inst/myo_brick_encoder_multiplier[4][31]_i_1_n_0                                                       | roboy_plexus_i/myoControl_0/inst/myoControl_v1_0_myoControl_inst/p_0_in                                                                                   |               25 |             32 |
|  roboy_plexus_i/processing_system7_0/inst/FCLK_CLK0 | roboy_plexus_i/myoControl_0/inst/myoControl_v1_0_myoControl_inst/myo_brick_encoder_multiplier[5][31]_i_1_n_0                                                       | roboy_plexus_i/myoControl_0/inst/myoControl_v1_0_myoControl_inst/p_0_in                                                                                   |               23 |             32 |
|  roboy_plexus_i/processing_system7_0/inst/FCLK_CLK0 | roboy_plexus_i/myoControl_0/inst/myoControl_v1_0_myoControl_inst/myo_brick_encoder_multiplier[6][31]_i_1_n_0                                                       | roboy_plexus_i/myoControl_0/inst/myoControl_v1_0_myoControl_inst/p_0_in                                                                                   |               25 |             32 |
|  roboy_plexus_i/processing_system7_0/inst/FCLK_CLK0 | roboy_plexus_i/myoControl_0/inst/myoControl_v1_0_myoControl_inst/myo_brick_encoder_multiplier[7][31]_i_1_n_0                                                       | roboy_plexus_i/myoControl_0/inst/myoControl_v1_0_myoControl_inst/p_0_in                                                                                   |               23 |             32 |
|  roboy_plexus_i/processing_system7_0/inst/FCLK_CLK0 | roboy_plexus_i/myoControl_0/inst/myoControl_v1_0_myoControl_inst/myo_brick_gear_box_ratio[0][31]_i_1_n_0                                                           | roboy_plexus_i/myoControl_0/inst/myoControl_v1_0_myoControl_inst/p_0_in                                                                                   |               20 |             32 |
|  roboy_plexus_i/processing_system7_0/inst/FCLK_CLK0 | roboy_plexus_i/myoControl_0/inst/myoControl_v1_0_myoControl_inst/myo_brick_gear_box_ratio[1][31]_i_1_n_0                                                           | roboy_plexus_i/myoControl_0/inst/myoControl_v1_0_myoControl_inst/p_0_in                                                                                   |               20 |             32 |
|  roboy_plexus_i/processing_system7_0/inst/FCLK_CLK0 | roboy_plexus_i/myoControl_0/inst/myoControl_v1_0_myoControl_inst/myo_brick_gear_box_ratio[2][31]_i_1_n_0                                                           | roboy_plexus_i/myoControl_0/inst/myoControl_v1_0_myoControl_inst/p_0_in                                                                                   |               18 |             32 |
|  roboy_plexus_i/processing_system7_0/inst/FCLK_CLK0 | roboy_plexus_i/myoControl_0/inst/myoControl_v1_0_myoControl_inst/myo_brick_gear_box_ratio[3][31]_i_1_n_0                                                           | roboy_plexus_i/myoControl_0/inst/myoControl_v1_0_myoControl_inst/p_0_in                                                                                   |               21 |             32 |
|  roboy_plexus_i/processing_system7_0/inst/FCLK_CLK0 | roboy_plexus_i/myoControl_0/inst/myoControl_v1_0_myoControl_inst/myo_brick_gear_box_ratio[4][31]_i_1_n_0                                                           | roboy_plexus_i/myoControl_0/inst/myoControl_v1_0_myoControl_inst/p_0_in                                                                                   |               19 |             32 |
|  roboy_plexus_i/processing_system7_0/inst/FCLK_CLK0 | roboy_plexus_i/myoControl_0/inst/myoControl_v1_0_myoControl_inst/IntegralNegMax[3][31]_i_1_n_0                                                                     |                                                                                                                                                           |               22 |             32 |
|  roboy_plexus_i/processing_system7_0/inst/FCLK_CLK0 | roboy_plexus_i/myoControl_0/inst/myoControl_v1_0_myoControl_inst/outputPosMax[4][31]_i_1_n_0                                                                       |                                                                                                                                                           |               13 |             32 |
|  roboy_plexus_i/processing_system7_0/inst/FCLK_CLK0 | roboy_plexus_i/myoControl_0/inst/myoControl_v1_0_myoControl_inst/outputNegMax[7][31]_i_1_n_0                                                                       |                                                                                                                                                           |               15 |             32 |
|  roboy_plexus_i/processing_system7_0/inst/FCLK_CLK0 | roboy_plexus_i/myoControl_0/inst/myoControl_v1_0_myoControl_inst/outputNegMax[6][31]_i_1_n_0                                                                       |                                                                                                                                                           |               10 |             32 |
|  roboy_plexus_i/processing_system7_0/inst/FCLK_CLK0 | roboy_plexus_i/myoControl_0/inst/myoControl_v1_0_myoControl_inst/outputNegMax[5][31]_i_1_n_0                                                                       |                                                                                                                                                           |               11 |             32 |
|  roboy_plexus_i/processing_system7_0/inst/FCLK_CLK0 | roboy_plexus_i/myoControl_0/inst/myoControl_v1_0_myoControl_inst/outputNegMax[4][31]_i_1_n_0                                                                       |                                                                                                                                                           |               14 |             32 |
|  roboy_plexus_i/processing_system7_0/inst/FCLK_CLK0 | roboy_plexus_i/myoControl_0/inst/myoControl_v1_0_myoControl_inst/outputNegMax[3][31]_i_1_n_0                                                                       |                                                                                                                                                           |               16 |             32 |
|  roboy_plexus_i/processing_system7_0/inst/FCLK_CLK0 | roboy_plexus_i/myoControl_0/inst/myoControl_v1_0_myoControl_inst/outputNegMax[2][31]_i_1_n_0                                                                       |                                                                                                                                                           |               15 |             32 |
|  roboy_plexus_i/processing_system7_0/inst/FCLK_CLK0 | roboy_plexus_i/myoControl_0/inst/myoControl_v1_0_myoControl_inst/outputNegMax[1][31]_i_1_n_0                                                                       |                                                                                                                                                           |               10 |             32 |
|  roboy_plexus_i/processing_system7_0/inst/FCLK_CLK0 | roboy_plexus_i/myoControl_0/inst/myoControl_v1_0_myoControl_inst/outputNegMax[0][31]_i_1_n_0                                                                       |                                                                                                                                                           |               14 |             32 |
|  roboy_plexus_i/processing_system7_0/inst/FCLK_CLK0 | roboy_plexus_i/myoControl_0/inst/myoControl_v1_0_myoControl_inst/outputPosMax[0][31]_i_1_n_0                                                                       |                                                                                                                                                           |               16 |             32 |
|  roboy_plexus_i/processing_system7_0/inst/FCLK_CLK0 | roboy_plexus_i/myoControl_0/inst/myoControl_v1_0_myoControl_inst/outputPosMax[1][31]_i_1_n_0                                                                       |                                                                                                                                                           |               12 |             32 |
|  roboy_plexus_i/processing_system7_0/inst/FCLK_CLK0 | roboy_plexus_i/myoControl_0/inst/myoControl_v1_0_myoControl_inst/outputPosMax[2][31]_i_1_n_0                                                                       |                                                                                                                                                           |               14 |             32 |
|  roboy_plexus_i/processing_system7_0/inst/FCLK_CLK0 | roboy_plexus_i/myoControl_0/inst/myoControl_v1_0_myoControl_inst/outputPosMax[3][31]_i_1_n_0                                                                       |                                                                                                                                                           |               15 |             32 |
|  roboy_plexus_i/processing_system7_0/inst/FCLK_CLK0 | roboy_plexus_i/myoControl_0/inst/myoControl_v1_0_myoControl_inst/update_frequency                                                                                  | roboy_plexus_i/myoControl_0/inst/myoControl_v1_0_myoControl_inst/p_0_in                                                                                   |               18 |             32 |
|  roboy_plexus_i/processing_system7_0/inst/FCLK_CLK0 | roboy_plexus_i/myoControl_0/inst/myoControl_v1_0_myoControl_inst/outputPosMax[5][31]_i_1_n_0                                                                       |                                                                                                                                                           |                9 |             32 |
|  roboy_plexus_i/processing_system7_0/inst/FCLK_CLK0 | roboy_plexus_i/myoControl_0/inst/myoControl_v1_0_myoControl_inst/outputPosMax[6][31]_i_1_n_0                                                                       |                                                                                                                                                           |               12 |             32 |
|  roboy_plexus_i/processing_system7_0/inst/FCLK_CLK0 | roboy_plexus_i/myoControl_0/inst/myoControl_v1_0_myoControl_inst/outputPosMax[7][31]_i_1_n_0                                                                       |                                                                                                                                                           |               10 |             32 |
|  roboy_plexus_i/processing_system7_0/inst/FCLK_CLK0 | roboy_plexus_i/myoControl_0/inst/myoControl_v1_0_myoControl_inst/outputShifter[0][31]_i_1_n_0                                                                      | roboy_plexus_i/myoControl_0/inst/myoControl_v1_0_myoControl_inst/p_0_in                                                                                   |               10 |             32 |
|  roboy_plexus_i/processing_system7_0/inst/FCLK_CLK0 | roboy_plexus_i/myoControl_0/inst/myoControl_v1_0_myoControl_inst/outputShifter[1][31]_i_1_n_0                                                                      | roboy_plexus_i/myoControl_0/inst/myoControl_v1_0_myoControl_inst/p_0_in                                                                                   |                8 |             32 |
|  roboy_plexus_i/processing_system7_0/inst/FCLK_CLK0 | roboy_plexus_i/myoControl_0/inst/myoControl_v1_0_myoControl_inst/outputShifter[2][31]_i_1_n_0                                                                      | roboy_plexus_i/myoControl_0/inst/myoControl_v1_0_myoControl_inst/p_0_in                                                                                   |               11 |             32 |
|  roboy_plexus_i/processing_system7_0/inst/FCLK_CLK0 | roboy_plexus_i/myoControl_0/inst/myoControl_v1_0_myoControl_inst/outputShifter[3][31]_i_1_n_0                                                                      | roboy_plexus_i/myoControl_0/inst/myoControl_v1_0_myoControl_inst/p_0_in                                                                                   |               10 |             32 |
|  roboy_plexus_i/processing_system7_0/inst/FCLK_CLK0 | roboy_plexus_i/myoControl_0/inst/myoControl_v1_0_myoControl_inst/outputShifter[4][31]_i_1_n_0                                                                      | roboy_plexus_i/myoControl_0/inst/myoControl_v1_0_myoControl_inst/p_0_in                                                                                   |               12 |             32 |
|  roboy_plexus_i/processing_system7_0/inst/FCLK_CLK0 | roboy_plexus_i/myoControl_0/inst/myoControl_v1_0_myoControl_inst/outputShifter[5][31]_i_1_n_0                                                                      | roboy_plexus_i/myoControl_0/inst/myoControl_v1_0_myoControl_inst/p_0_in                                                                                   |               10 |             32 |
|  roboy_plexus_i/processing_system7_0/inst/FCLK_CLK0 | roboy_plexus_i/myoControl_0/inst/myoControl_v1_0_myoControl_inst/outputShifter[6][31]_i_1_n_0                                                                      | roboy_plexus_i/myoControl_0/inst/myoControl_v1_0_myoControl_inst/p_0_in                                                                                   |               10 |             32 |
|  roboy_plexus_i/processing_system7_0/inst/FCLK_CLK0 | roboy_plexus_i/myoControl_0/inst/myoControl_v1_0_myoControl_inst/outputShifter[7][31]_i_1_n_0                                                                      | roboy_plexus_i/myoControl_0/inst/myoControl_v1_0_myoControl_inst/p_0_in                                                                                   |               16 |             32 |
|  roboy_plexus_i/processing_system7_0/inst/FCLK_CLK0 | roboy_plexus_i/myoControl_0/inst/myoControl_v1_0_myoControl_inst/instantiate_pid_controllers[7].pid_controller/axi_awaddr_reg[7]_0                                 |                                                                                                                                                           |               20 |             32 |
|  roboy_plexus_i/processing_system7_0/inst/FCLK_CLK0 | roboy_plexus_i/myoControl_0/inst/myoControl_v1_0_myoControl_inst/Ki[4][31]_i_1_n_0                                                                                 |                                                                                                                                                           |               23 |             32 |
|  roboy_plexus_i/processing_system7_0/inst/FCLK_CLK0 | roboy_plexus_i/myoControl_0/inst/myoControl_v1_0_myoControl_inst/Ki[5][31]_i_1_n_0                                                                                 |                                                                                                                                                           |               24 |             32 |
|  roboy_plexus_i/processing_system7_0/inst/FCLK_CLK0 | roboy_plexus_i/myoControl_0/inst/myoControl_v1_0_myoControl_inst/Ki[6][31]_i_1_n_0                                                                                 |                                                                                                                                                           |               22 |             32 |
|  roboy_plexus_i/processing_system7_0/inst/FCLK_CLK0 | roboy_plexus_i/myoControl_0/inst/myoControl_v1_0_myoControl_inst/Ki[7][31]_i_1_n_0                                                                                 |                                                                                                                                                           |               22 |             32 |
|  roboy_plexus_i/processing_system7_0/inst/FCLK_CLK0 | roboy_plexus_i/myoControl_0/inst/myoControl_v1_0_myoControl_inst/instantiate_pid_controllers[0].pid_controller/lastError                                           |                                                                                                                                                           |                6 |             32 |
|  roboy_plexus_i/processing_system7_0/inst/FCLK_CLK0 | roboy_plexus_i/myoControl_0/inst/myoControl_v1_0_myoControl_inst/instantiate_pid_controllers[0].pid_controller/axi_awaddr_reg[7]                                   |                                                                                                                                                           |               22 |             32 |
|  roboy_plexus_i/processing_system7_0/inst/FCLK_CLK0 | roboy_plexus_i/myoControl_0/inst/myoControl_v1_0_myoControl_inst/spi_control/delay_counter                                                                         | roboy_plexus_i/myoControl_0/inst/myoControl_v1_0_myoControl_inst/p_0_in                                                                                   |                8 |             32 |
|  roboy_plexus_i/processing_system7_0/inst/FCLK_CLK0 | roboy_plexus_i/myoControl_0/inst/myoControl_v1_0_myoControl_inst/instantiate_pid_controllers[1].pid_controller/axi_awaddr_reg[7]                                   |                                                                                                                                                           |               21 |             32 |
|  roboy_plexus_i/processing_system7_0/inst/FCLK_CLK0 | roboy_plexus_i/myoControl_0/inst/myoControl_v1_0_myoControl_inst/instantiate_pid_controllers[2].pid_controller/axi_awaddr_reg[7]                                   |                                                                                                                                                           |               23 |             32 |
|  roboy_plexus_i/processing_system7_0/inst/FCLK_CLK0 | roboy_plexus_i/myoControl_0/inst/myoControl_v1_0_myoControl_inst/instantiate_pid_controllers[1].pid_controller/lastError                                           |                                                                                                                                                           |                8 |             32 |
|  roboy_plexus_i/processing_system7_0/inst/FCLK_CLK0 | roboy_plexus_i/myoControl_0/inst/myoControl_v1_0_myoControl_inst/instantiate_pid_controllers[1].pid_controller/axi_awaddr_reg[7]_0                                 |                                                                                                                                                           |               23 |             32 |
|  roboy_plexus_i/processing_system7_0/inst/FCLK_CLK0 | roboy_plexus_i/myoControl_0/inst/myoControl_v1_0_myoControl_inst/instantiate_pid_controllers[0].pid_controller/axi_awaddr_reg[7]_0                                 |                                                                                                                                                           |               23 |             32 |
|  roboy_plexus_i/processing_system7_0/inst/FCLK_CLK0 | roboy_plexus_i/myoControl_0/inst/myoControl_v1_0_myoControl_inst/instantiate_pid_controllers[2].pid_controller/axi_awaddr_reg[7]_0                                 |                                                                                                                                                           |               25 |             32 |
|  roboy_plexus_i/processing_system7_0/inst/FCLK_CLK0 | roboy_plexus_i/myoControl_0/inst/myoControl_v1_0_myoControl_inst/instantiate_pid_controllers[7].pid_controller/lastError                                           |                                                                                                                                                           |                8 |             32 |
|  roboy_plexus_i/processing_system7_0/inst/FCLK_CLK0 | roboy_plexus_i/myoControl_0/inst/myoControl_v1_0_myoControl_inst/Ki[3][31]_i_1_n_0                                                                                 |                                                                                                                                                           |               25 |             32 |
|  roboy_plexus_i/processing_system7_0/inst/FCLK_CLK0 | roboy_plexus_i/myoControl_0/inst/myoControl_v1_0_myoControl_inst/instantiate_pid_controllers[7].pid_controller/axi_awaddr_reg[7]                                   |                                                                                                                                                           |               26 |             32 |
|  roboy_plexus_i/processing_system7_0/inst/FCLK_CLK0 | roboy_plexus_i/myoControl_0/inst/myoControl_v1_0_myoControl_inst/instantiate_pid_controllers[6].pid_controller/lastError                                           |                                                                                                                                                           |                8 |             32 |
|  roboy_plexus_i/processing_system7_0/inst/FCLK_CLK0 | roboy_plexus_i/myoControl_0/inst/myoControl_v1_0_myoControl_inst/instantiate_pid_controllers[6].pid_controller/axi_awaddr_reg[7]_0                                 |                                                                                                                                                           |               22 |             32 |
|  roboy_plexus_i/processing_system7_0/inst/FCLK_CLK0 | roboy_plexus_i/myoControl_0/inst/myoControl_v1_0_myoControl_inst/instantiate_pid_controllers[6].pid_controller/axi_awaddr_reg[7]                                   |                                                                                                                                                           |               29 |             32 |
|  roboy_plexus_i/processing_system7_0/inst/FCLK_CLK0 | roboy_plexus_i/myoControl_0/inst/myoControl_v1_0_myoControl_inst/instantiate_pid_controllers[2].pid_controller/lastError                                           |                                                                                                                                                           |                8 |             32 |
|  roboy_plexus_i/processing_system7_0/inst/FCLK_CLK0 | roboy_plexus_i/myoControl_0/inst/myoControl_v1_0_myoControl_inst/instantiate_pid_controllers[5].pid_controller/lastError                                           |                                                                                                                                                           |                8 |             32 |
|  roboy_plexus_i/processing_system7_0/inst/FCLK_CLK0 | roboy_plexus_i/myoControl_0/inst/myoControl_v1_0_myoControl_inst/instantiate_pid_controllers[3].pid_controller/axi_awaddr_reg[7]                                   |                                                                                                                                                           |               25 |             32 |
|  roboy_plexus_i/processing_system7_0/inst/FCLK_CLK0 | roboy_plexus_i/myoControl_0/inst/myoControl_v1_0_myoControl_inst/instantiate_pid_controllers[5].pid_controller/axi_awaddr_reg[7]_0                                 |                                                                                                                                                           |               24 |             32 |
|  roboy_plexus_i/processing_system7_0/inst/FCLK_CLK0 | roboy_plexus_i/myoControl_0/inst/myoControl_v1_0_myoControl_inst/instantiate_pid_controllers[5].pid_controller/axi_awaddr_reg[7]                                   |                                                                                                                                                           |               22 |             32 |
|  roboy_plexus_i/processing_system7_0/inst/FCLK_CLK0 | roboy_plexus_i/myoControl_0/inst/myoControl_v1_0_myoControl_inst/instantiate_pid_controllers[4].pid_controller/lastError                                           |                                                                                                                                                           |                8 |             32 |
|  roboy_plexus_i/processing_system7_0/inst/FCLK_CLK0 | roboy_plexus_i/myoControl_0/inst/myoControl_v1_0_myoControl_inst/instantiate_pid_controllers[4].pid_controller/axi_awaddr_reg[7]_0                                 |                                                                                                                                                           |               22 |             32 |
|  roboy_plexus_i/processing_system7_0/inst/FCLK_CLK0 | roboy_plexus_i/myoControl_0/inst/myoControl_v1_0_myoControl_inst/instantiate_pid_controllers[3].pid_controller/axi_awaddr_reg[7]_0                                 |                                                                                                                                                           |               19 |             32 |
|  roboy_plexus_i/processing_system7_0/inst/FCLK_CLK0 | roboy_plexus_i/myoControl_0/inst/myoControl_v1_0_myoControl_inst/instantiate_pid_controllers[4].pid_controller/axi_awaddr_reg[7]                                   |                                                                                                                                                           |               22 |             32 |
|  roboy_plexus_i/processing_system7_0/inst/FCLK_CLK0 | roboy_plexus_i/myoControl_0/inst/myoControl_v1_0_myoControl_inst/instantiate_pid_controllers[3].pid_controller/lastError                                           |                                                                                                                                                           |                8 |             32 |
|  roboy_plexus_i/processing_system7_0/inst/FCLK_CLK0 | roboy_plexus_i/myoControl_0/inst/myoControl_v1_0_myoControl_inst/IntegralNegMax[2][31]_i_1_n_0                                                                     |                                                                                                                                                           |               22 |             32 |
|  roboy_plexus_i/processing_system7_0/inst/FCLK_CLK0 | roboy_plexus_i/myoControl_0/inst/myoControl_v1_0_myoControl_inst/myo_brick_gear_box_ratio[6][31]_i_1_n_0                                                           | roboy_plexus_i/myoControl_0/inst/myoControl_v1_0_myoControl_inst/p_0_in                                                                                   |               21 |             32 |
|  roboy_plexus_i/processing_system7_0/inst/FCLK_CLK0 | roboy_plexus_i/myoControl_0/inst/myoControl_v1_0_myoControl_inst/deadBand[7][31]_i_1_n_0                                                                           |                                                                                                                                                           |               18 |             32 |
|  roboy_plexus_i/processing_system7_0/inst/FCLK_CLK0 | roboy_plexus_i/myoControl_0/inst/myoControl_v1_0_myoControl_inst/deadBand[6][31]_i_1_n_0                                                                           |                                                                                                                                                           |               16 |             32 |
|  roboy_plexus_i/processing_system7_0/inst/FCLK_CLK0 | roboy_plexus_i/myoControl_0/inst/myoControl_v1_0_myoControl_inst/deadBand[5][31]_i_1_n_0                                                                           |                                                                                                                                                           |               13 |             32 |
|  roboy_plexus_i/processing_system7_0/inst/FCLK_CLK0 | roboy_plexus_i/myoControl_0/inst/myoControl_v1_0_myoControl_inst/deadBand[4][31]_i_1_n_0                                                                           |                                                                                                                                                           |               13 |             32 |
|  roboy_plexus_i/processing_system7_0/inst/FCLK_CLK0 | roboy_plexus_i/myoControl_0/inst/myoControl_v1_0_myoControl_inst/deadBand[3][31]_i_1_n_0                                                                           |                                                                                                                                                           |               13 |             32 |
|  roboy_plexus_i/processing_system7_0/inst/FCLK_CLK0 | roboy_plexus_i/myoControl_0/inst/myoControl_v1_0_myoControl_inst/deadBand[2][31]_i_1_n_0                                                                           |                                                                                                                                                           |               14 |             32 |
|  roboy_plexus_i/processing_system7_0/inst/FCLK_CLK0 | roboy_plexus_i/myoControl_0/inst/myoControl_v1_0_myoControl_inst/deadBand[1][31]_i_1_n_0                                                                           |                                                                                                                                                           |               11 |             32 |
|  roboy_plexus_i/processing_system7_0/inst/FCLK_CLK0 | roboy_plexus_i/myoControl_0/inst/myoControl_v1_0_myoControl_inst/deadBand[0][31]_i_1_n_0                                                                           |                                                                                                                                                           |               15 |             32 |
|  roboy_plexus_i/processing_system7_0/inst/FCLK_CLK0 | roboy_plexus_i/myoControl_0/inst/myoControl_v1_0_myoControl_inst/IntegralNegMax[6][31]_i_1_n_0                                                                     |                                                                                                                                                           |               22 |             32 |
|  roboy_plexus_i/processing_system7_0/inst/FCLK_CLK0 | roboy_plexus_i/myoControl_0/inst/myoControl_v1_0_myoControl_inst/IntegralNegMax[5][31]_i_1_n_0                                                                     |                                                                                                                                                           |               23 |             32 |
|  roboy_plexus_i/processing_system7_0/inst/FCLK_CLK0 | roboy_plexus_i/myoControl_0/inst/myoControl_v1_0_myoControl_inst/IntegralNegMax[7][31]_i_1_n_0                                                                     |                                                                                                                                                           |               20 |             32 |
|  roboy_plexus_i/processing_system7_0/inst/FCLK_CLK0 | roboy_plexus_i/myoControl_0/inst/myoControl_v1_0_myoControl_inst/IntegralNegMax[4][31]_i_1_n_0                                                                     |                                                                                                                                                           |               23 |             32 |
|  roboy_plexus_i/processing_system7_0/inst/FCLK_CLK0 | roboy_plexus_i/myoControl_0/inst/myoControl_v1_0_myoControl_inst/myo_brick_gear_box_ratio[5][31]_i_1_n_0                                                           | roboy_plexus_i/myoControl_0/inst/myoControl_v1_0_myoControl_inst/p_0_in                                                                                   |               21 |             32 |
|  roboy_plexus_i/processing_system7_0/inst/FCLK_CLK0 | roboy_plexus_i/myoControl_0/inst/myoControl_v1_0_myoControl_inst/IntegralNegMax[1][31]_i_1_n_0                                                                     |                                                                                                                                                           |               23 |             32 |
|  roboy_plexus_i/processing_system7_0/inst/FCLK_CLK0 | roboy_plexus_i/myoControl_0/inst/myoControl_v1_0_myoControl_inst/IntegralNegMax[0][31]_i_1_n_0                                                                     |                                                                                                                                                           |               21 |             32 |
|  roboy_plexus_i/processing_system7_0/inst/FCLK_CLK0 | roboy_plexus_i/myoControl_0/inst/myoControl_v1_0_myoControl_inst/IntegralPosMax[0][31]_i_1_n_0                                                                     |                                                                                                                                                           |               20 |             32 |
|  roboy_plexus_i/processing_system7_0/inst/FCLK_CLK0 | roboy_plexus_i/myoControl_0/inst/myoControl_v1_0_myoControl_inst/IntegralPosMax[1][31]_i_1_n_0                                                                     |                                                                                                                                                           |               22 |             32 |
|  roboy_plexus_i/processing_system7_0/inst/FCLK_CLK0 | roboy_plexus_i/myoControl_0/inst/myoControl_v1_0_myoControl_inst/IntegralPosMax[2][31]_i_1_n_0                                                                     |                                                                                                                                                           |               21 |             32 |
|  roboy_plexus_i/processing_system7_0/inst/FCLK_CLK0 | roboy_plexus_i/myoControl_0/inst/myoControl_v1_0_myoControl_inst/IntegralPosMax[3][31]_i_1_n_0                                                                     |                                                                                                                                                           |               23 |             32 |
|  roboy_plexus_i/processing_system7_0/inst/FCLK_CLK0 | roboy_plexus_i/myoControl_0/inst/myoControl_v1_0_myoControl_inst/IntegralPosMax[4][31]_i_1_n_0                                                                     |                                                                                                                                                           |               18 |             32 |
|  roboy_plexus_i/processing_system7_0/inst/FCLK_CLK0 | roboy_plexus_i/myoControl_0/inst/myoControl_v1_0_myoControl_inst/IntegralPosMax[5][31]_i_1_n_0                                                                     |                                                                                                                                                           |               22 |             32 |
|  roboy_plexus_i/processing_system7_0/inst/FCLK_CLK0 | roboy_plexus_i/myoControl_0/inst/myoControl_v1_0_myoControl_inst/IntegralPosMax[6][31]_i_1_n_0                                                                     |                                                                                                                                                           |               22 |             32 |
|  roboy_plexus_i/processing_system7_0/inst/FCLK_CLK0 | roboy_plexus_i/myoControl_0/inst/myoControl_v1_0_myoControl_inst/IntegralPosMax[7][31]_i_1_n_0                                                                     |                                                                                                                                                           |               22 |             32 |
|  roboy_plexus_i/processing_system7_0/inst/FCLK_CLK0 | roboy_plexus_i/myoControl_0/inst/myoControl_v1_0_myoControl_inst/Ki[0][31]_i_1_n_0                                                                                 |                                                                                                                                                           |               23 |             32 |
|  roboy_plexus_i/processing_system7_0/inst/FCLK_CLK0 | roboy_plexus_i/myoControl_0/inst/myoControl_v1_0_myoControl_inst/Ki[1][31]_i_1_n_0                                                                                 |                                                                                                                                                           |               22 |             32 |
|  roboy_plexus_i/processing_system7_0/inst/FCLK_CLK0 | roboy_plexus_i/myoControl_0/inst/myoControl_v1_0_myoControl_inst/Ki[2][31]_i_1_n_0                                                                                 |                                                                                                                                                           |               25 |             32 |
|  roboy_plexus_i/processing_system7_0/inst/FCLK_CLK0 | roboy_plexus_i/myoControl_0/inst/myoControl_v1_0_myoControl_inst/spi_done_prev_i_1_n_0                                                                             | roboy_plexus_i/myoControl_0/inst/myoControl_v1_0_myoControl_inst/p_0_in                                                                                   |               19 |             33 |
|  roboy_plexus_i/processing_system7_0/inst/FCLK_CLK0 | roboy_plexus_i/ps7_0_axi_periph/xbar/inst/gen_sasd.crossbar_sasd_0/reg_slice_r/aa_rready                                                                           | roboy_plexus_i/ps7_0_axi_periph/xbar/inst/gen_sasd.crossbar_sasd_0/reg_slice_r/skid_buffer[32]_i_1_n_0                                                    |               15 |             34 |
|  roboy_plexus_i/processing_system7_0/inst/FCLK_CLK0 | roboy_plexus_i/ps7_0_axi_periph/s00_couplers/auto_pc/inst/gen_axilite.gen_b2s_conv.axilite_b2s/RD.r_channel_0/rd_data_fifo_0/wr_en0                                |                                                                                                                                                           |                9 |             34 |
|  roboy_plexus_i/processing_system7_0/inst/FCLK_CLK0 | roboy_plexus_i/ps7_0_axi_periph/xbar/inst/gen_sasd.crossbar_sasd_0/addr_arbiter_inst/E[0]                                                                          |                                                                                                                                                           |               16 |             35 |
|  roboy_plexus_i/processing_system7_0/inst/FCLK_CLK0 | roboy_plexus_i/ps7_0_axi_periph/s00_couplers/auto_pc/inst/gen_axilite.gen_b2s_conv.axilite_b2s/SI_REG/r.r_pipe/p_1_in                                              |                                                                                                                                                           |                9 |             47 |
|  roboy_plexus_i/processing_system7_0/inst/FCLK_CLK0 | roboy_plexus_i/ps7_0_axi_periph/s00_couplers/auto_pc/inst/gen_axilite.gen_b2s_conv.axilite_b2s/SI_REG/r.r_pipe/s_ready_i_reg_0                                     |                                                                                                                                                           |                9 |             47 |
|  roboy_plexus_i/processing_system7_0/inst/FCLK_CLK0 | roboy_plexus_i/ps7_0_axi_periph/s00_couplers/auto_pc/inst/gen_axilite.gen_b2s_conv.axilite_b2s/SI_REG/ar.ar_pipe/s_ready_i_reg_0                                   |                                                                                                                                                           |               15 |             48 |
|  roboy_plexus_i/processing_system7_0/inst/FCLK_CLK0 | roboy_plexus_i/ps7_0_axi_periph/s00_couplers/auto_pc/inst/gen_axilite.gen_b2s_conv.axilite_b2s/SI_REG/aw.aw_pipe/s_ready_i_reg_0                                   |                                                                                                                                                           |               13 |             48 |
|  roboy_plexus_i/processing_system7_0/inst/FCLK_CLK0 | roboy_plexus_i/ps7_0_axi_periph/s00_couplers/auto_pc/inst/gen_axilite.gen_b2s_conv.axilite_b2s/RD.ar_channel_0/ar_cmd_fsm_0/FSM_sequential_state_reg[1]_1[0]       |                                                                                                                                                           |               13 |             48 |
|  roboy_plexus_i/processing_system7_0/inst/FCLK_CLK0 | roboy_plexus_i/ps7_0_axi_periph/s00_couplers/auto_pc/inst/gen_axilite.gen_b2s_conv.axilite_b2s/WR.aw_channel_0/aw_cmd_fsm_0/m_valid_i_reg_1[0]                     |                                                                                                                                                           |               11 |             48 |
|  roboy_plexus_i/processing_system7_0/inst/FCLK_CLK0 | roboy_plexus_i/myoControl_0/inst/myoControl_v1_0_myoControl_inst/spi_control/motor_reg[3]_0                                                                        |                                                                                                                                                           |               17 |             60 |
|  roboy_plexus_i/processing_system7_0/inst/FCLK_CLK0 | roboy_plexus_i/myoControl_0/inst/myoControl_v1_0_myoControl_inst/spi_control/spi_done_reg_4                                                                        |                                                                                                                                                           |               17 |             60 |
|  roboy_plexus_i/processing_system7_0/inst/FCLK_CLK0 | roboy_plexus_i/myoControl_0/inst/myoControl_v1_0_myoControl_inst/spi_control/spi_done_reg_3                                                                        |                                                                                                                                                           |               17 |             60 |
|  roboy_plexus_i/processing_system7_0/inst/FCLK_CLK0 | roboy_plexus_i/myoControl_0/inst/myoControl_v1_0_myoControl_inst/spi_control/motor_reg[1]_0                                                                        |                                                                                                                                                           |               19 |             60 |
|  roboy_plexus_i/processing_system7_0/inst/FCLK_CLK0 | roboy_plexus_i/myoControl_0/inst/myoControl_v1_0_myoControl_inst/spi_control/motor_reg[1]                                                                          |                                                                                                                                                           |               22 |             60 |
|  roboy_plexus_i/processing_system7_0/inst/FCLK_CLK0 | roboy_plexus_i/myoControl_0/inst/myoControl_v1_0_myoControl_inst/spi_control/motor_reg[0]                                                                          |                                                                                                                                                           |               18 |             60 |
|  roboy_plexus_i/processing_system7_0/inst/FCLK_CLK0 | roboy_plexus_i/myoControl_0/inst/myoControl_v1_0_myoControl_inst/spi_control/motor_reg[3]                                                                          |                                                                                                                                                           |               20 |             60 |
|  roboy_plexus_i/processing_system7_0/inst/FCLK_CLK0 | roboy_plexus_i/myoControl_0/inst/myoControl_v1_0_myoControl_inst/spi_control/motor_reg[1]_1                                                                        |                                                                                                                                                           |               15 |             60 |
|  roboy_plexus_i/processing_system7_0/inst/FCLK_CLK0 |                                                                                                                                                                    |                                                                                                                                                           |               68 |            192 |
+-----------------------------------------------------+--------------------------------------------------------------------------------------------------------------------------------------------------------------------+-----------------------------------------------------------------------------------------------------------------------------------------------------------+------------------+----------------+


